0 info it worked if it ends with ok
1 verbose cli [ 'node', '/usr/local/bin/npm', 'start' ]
2 info using npm@2.7.5
3 info using node@v0.11.12
4 verbose run-script [ 'prestart', 'start', 'poststart' ]
5 info prestart baby@0.0.0
6 info start baby@0.0.0
7 verbose unsafe-perm in lifecycle true
8 info baby@0.0.0 Failed to exec start script
9 verbose stack Error: Exit status 1
9 verbose stack     at EventEmitter.<anonymous> (/usr/local/lib/node_modules/npm/lib/utils/lifecycle.js:213:16)
9 verbose stack     at EventEmitter.emit (events.js:107:17)
9 verbose stack     at ChildProcess.<anonymous> (/usr/local/lib/node_modules/npm/lib/utils/spawn.js:14:12)
9 verbose stack     at ChildProcess.EventEmitter.emit (events.js:107:17)
9 verbose stack     at maybeClose (child_process.js:991:16)
9 verbose stack     at Process.ChildProcess._handle.onexit (child_process.js:1058:5)
10 verbose pkgid baby@0.0.0
11 verbose cwd /Users/siyaomin/Documents/baby/baby
12 error Darwin 14.5.0
13 error argv "node" "/usr/local/bin/npm" "start"
14 error node v0.11.12
15 error npm  v2.7.5
16 error code ELIFECYCLE
17 error baby@0.0.0 start: `node ./bin/www`
17 error Exit status 1
18 error Failed at the baby@0.0.0 start script 'node ./bin/www'.
18 error This is most likely a problem with the baby package,
18 error not with npm itself.
18 error Tell the author that this fails on your system:
18 error     node ./bin/www
18 error You can get their info via:
18 error     npm owner ls baby
18 error There is likely additional logging output above.
19 verbose exit [ 1, true ]
